W0304 09:49:12.331000 850524 torch/distributed/run.py:803] 
W0304 09:49:12.331000 850524 torch/distributed/run.py:803] *****************************************
W0304 09:49:12.331000 850524 torch/distributed/run.py:803] Setting OMP_NUM_THREADS environment variable for each process to be 1 in default, to avoid your system being overloaded, please further tune the variable for optimal performance in your application as needed. 
W0304 09:49:12.331000 850524 torch/distributed/run.py:803] *****************************************
[W304 09:49:15.021226883 socket.cpp:767] [c10d] The client socket has failed to connect to [blubridge005-MS-7E06]:37579 (errno: 113 - No route to host).
[W304 09:49:19.925257377 socket.cpp:767] [c10d] The client socket has failed to connect to [blubridge005-MS-7E06]:37579 (errno: 113 - No route to host).
[W304 09:49:19.925313369 socket.cpp:767] [c10d] The client socket has failed to connect to [blubridge005-MS-7E06]:37579 (errno: 113 - No route to host).
total desired batch size: 65536
=> calculated gradient accumulation steps: 8
found 4 shards for split train
found 1 shards for split val
/home/blu-bridge005/.local/lib/python3.10/site-packages/torch/__init__.py:1617: UserWarning: Please use the new API settings to control TF32 behavior, such as torch.backends.cudnn.conv.fp32_precision = 'tf32' or torch.backends.cuda.matmul.fp32_precision = 'ieee'. Old settings, e.g, torch.backends.cuda.matmul.allow_tf32 = True, torch.backends.cudnn.allow_tf32 = True, allowTF32CuDNN() and allowTF32CuBLAS() will be deprecated after Pytorch 2.9. Please see https://pytorch.org/docs/main/notes/cuda.html#tensorfloat-32-tf32-on-ampere-and-later-devices (Triggered internally at /pytorch/aten/src/ATen/Context.cpp:80.)
  _C._set_float32_matmul_precision(precision)
/home/blu-bridge005/.local/lib/python3.10/site-packages/torch/__init__.py:1617: UserWarning: Please use the new API settings to control TF32 behavior, such as torch.backends.cudnn.conv.fp32_precision = 'tf32' or torch.backends.cuda.matmul.fp32_precision = 'ieee'. Old settings, e.g, torch.backends.cuda.matmul.allow_tf32 = True, torch.backends.cudnn.allow_tf32 = True, allowTF32CuDNN() and allowTF32CuBLAS() will be deprecated after Pytorch 2.9. Please see https://pytorch.org/docs/main/notes/cuda.html#tensorfloat-32-tf32-on-ampere-and-later-devices (Triggered internally at /pytorch/aten/src/ATen/Context.cpp:80.)
  _C._set_float32_matmul_precision(precision)

=== Applying Tensor Parallelism (TP=2) ===
  Sharding: Embeddings, Attention, and MLP
Total parameters per GPU: 34,692,480
=== TP Applied Successfully (Unified DTensor) ===

num decayed parameter tensors: 21, with 34,676,736 parameters
num non-decayed parameter tensors: 32, with 15,744 parameters
using fused AdamW: False
validation loss: 10.8937
/home/blu-bridge005/.local/lib/python3.10/site-packages/torch/autograd/graph.py:841: UserWarning: c10d::allreduce_: an autograd kernel was not registered to the Autograd key(s) but we are trying to backprop through it. This may lead to silently incorrect behavior. This behavior is deprecated and will be removed in a future version of PyTorch. If your operator is differentiable, please ensure you have registered an autograd kernel to the correct Autograd key (e.g. DispatchKey::Autograd, DispatchKey::CompositeImplicitAutograd). If your operator is not differentiable, or to squash this warning and use the previous behavior, please register torch::CppFunction::makeFallthrough() to DispatchKey::Autograd. (Triggered internally at /pytorch/torch/csrc/autograd/autograd_not_implemented_fallback.cpp:62.)
  return Variable._execution_engine.run_backward(  # Calls into the C++ engine to run the backward pass
/home/blu-bridge005/.local/lib/python3.10/site-packages/torch/autograd/graph.py:841: UserWarning: c10d::allreduce_: an autograd kernel was not registered to the Autograd key(s) but we are trying to backprop through it. This may lead to silently incorrect behavior. This behavior is deprecated and will be removed in a future version of PyTorch. If your operator is differentiable, please ensure you have registered an autograd kernel to the correct Autograd key (e.g. DispatchKey::Autograd, DispatchKey::CompositeImplicitAutograd). If your operator is not differentiable, or to squash this warning and use the previous behavior, please register torch::CppFunction::makeFallthrough() to DispatchKey::Autograd. (Triggered internally at /pytorch/torch/csrc/autograd/autograd_not_implemented_fallback.cpp:62.)
  return Variable._execution_engine.run_backward(  # Calls into the C++ engine to run the backward pass
step     0 | wte_drift: 0.000e+00 | loss: 10.890288 | lr 1.1834e-06 | norm: 3.6490
step     0 | loss: 10.890288 | lr 1.1834e-06 | norm: 3.6490 | dt: 6323.93ms | tok/sec: 10363.17
step     1 | loss: 10.888896 | lr 2.3669e-06 | norm: 3.7869 | dt: 4467.34ms | tok/sec: 14670.03
step     2 | loss: 10.876906 | lr 3.5503e-06 | norm: 3.9895 | dt: 4498.17ms | tok/sec: 14569.49
step     3 | loss: 10.864792 | lr 4.7337e-06 | norm: 3.7362 | dt: 4515.08ms | tok/sec: 14514.91
step     4 | loss: 10.847106 | lr 5.9172e-06 | norm: 3.6653 | dt: 4484.08ms | tok/sec: 14615.26
step     5 | wte_drift: 0.000e+00 | loss: 10.824642 | lr 7.1006e-06 | norm: 3.7657
step     5 | loss: 10.824642 | lr 7.1006e-06 | norm: 3.7657 | dt: 4480.46ms | tok/sec: 14627.06
step     6 | loss: 10.796185 | lr 8.2840e-06 | norm: 3.6552 | dt: 4485.40ms | tok/sec: 14610.95
W0304 09:49:57.393000 850524 torch/distributed/elastic/agent/server/api.py:725] Received Signals.SIGINT death signal, shutting down workers
W0304 09:49:57.393000 850524 torch/distributed/elastic/multiprocessing/api.py:908] Sending process 850700 closing signal SIGINT
W0304 09:49:57.393000 850524 torch/distributed/elastic/multiprocessing/api.py:908] Sending process 850701 closing signal SIGINT
[rank0]: Traceback (most recent call last):
[rank0]:   File "/home/blu-bridge005/Desktop/Anuj@BluBridge/TensorParallel/attn/train_gpt2_tp.py", line 479, in <module>
[rank0]:     x, y = x.to(device), y.to(device)
[rank0]: KeyboardInterrupt
[rank1]: Traceback (most recent call last):
[rank1]:   File "/home/blu-bridge005/Desktop/Anuj@BluBridge/TensorParallel/attn/train_gpt2_tp.py", line 479, in <module>
[rank1]:     x, y = x.to(device), y.to(device)
[rank1]: KeyboardInterrupt
[rank0]:[W304 09:49:57.890218088 ProcessGroupNCCL.cpp:1524] Warning: WARNING: destroy_process_group() was not called before program exit, which can leak resources. For more info, please see https://pytorch.org/docs/stable/distributed.html#shutdown (function operator())
Traceback (most recent call last):
  File "/home/blu-bridge005/.local/bin/torchrun", line 7, in <module>
    sys.exit(main())
  File "/home/blu-bridge005/.local/lib/python3.10/site-packages/torch/distributed/elastic/multiprocessing/errors/__init__.py", line 357, in wrapper
    return f(*args, **kwargs)
  File "/home/blu-bridge005/.local/lib/python3.10/site-packages/torch/distributed/run.py", line 936, in main
    run(args)
  File "/home/blu-bridge005/.local/lib/python3.10/site-packages/torch/distributed/run.py", line 927, in run
    elastic_launch(
  File "/home/blu-bridge005/.local/lib/python3.10/site-packages/torch/distributed/launcher/api.py", line 156, in __call__
    return launch_agent(self._config, self._entrypoint, list(args))
  File "/home/blu-bridge005/.local/lib/python3.10/site-packages/torch/distributed/launcher/api.py", line 284, in launch_agent
    result = agent.run()
  File "/home/blu-bridge005/.local/lib/python3.10/site-packages/torch/distributed/elastic/metrics/api.py", line 138, in wrapper
    result = f(*args, **kwargs)
  File "/home/blu-bridge005/.local/lib/python3.10/site-packages/torch/distributed/elastic/agent/server/api.py", line 717, in run
    result = self._invoke_run(role)
  File "/home/blu-bridge005/.local/lib/python3.10/site-packages/torch/distributed/elastic/agent/server/api.py", line 881, in _invoke_run
    time.sleep(monitor_interval)
  File "/home/blu-bridge005/.local/lib/python3.10/site-packages/torch/distributed/elastic/multiprocessing/api.py", line 85, in _terminate_process_handler
    raise SignalException(f"Process {os.getpid()} got signal: {sigval}", sigval=sigval)
torch.distributed.elastic.multiprocessing.api.SignalException: Process 850524 got signal: 2
