W0304 09:54:57.469000 861911 torch/distributed/run.py:803] 
W0304 09:54:57.469000 861911 torch/distributed/run.py:803] *****************************************
W0304 09:54:57.469000 861911 torch/distributed/run.py:803] Setting OMP_NUM_THREADS environment variable for each process to be 1 in default, to avoid your system being overloaded, please further tune the variable for optimal performance in your application as needed. 
W0304 09:54:57.469000 861911 torch/distributed/run.py:803] *****************************************
[W304 09:55:01.173334018 socket.cpp:767] [c10d] The client socket has failed to connect to [blubridge005-MS-7E06]:37609 (errno: 113 - No route to host).
[W304 09:55:05.078283392 socket.cpp:767] [c10d] The client socket has failed to connect to [blubridge005-MS-7E06]:37609 (errno: 113 - No route to host).
[W304 09:55:05.078293396 socket.cpp:767] [c10d] The client socket has failed to connect to [blubridge005-MS-7E06]:37609 (errno: 113 - No route to host).
total desired batch size: 65536
=> calculated gradient accumulation steps: 8
found 4 shards for split train
found 1 shards for split val
/home/blu-bridge005/.local/lib/python3.10/site-packages/torch/__init__.py:1617: UserWarning: Please use the new API settings to control TF32 behavior, such as torch.backends.cudnn.conv.fp32_precision = 'tf32' or torch.backends.cuda.matmul.fp32_precision = 'ieee'. Old settings, e.g, torch.backends.cuda.matmul.allow_tf32 = True, torch.backends.cudnn.allow_tf32 = True, allowTF32CuDNN() and allowTF32CuBLAS() will be deprecated after Pytorch 2.9. Please see https://pytorch.org/docs/main/notes/cuda.html#tensorfloat-32-tf32-on-ampere-and-later-devices (Triggered internally at /pytorch/aten/src/ATen/Context.cpp:80.)
  _C._set_float32_matmul_precision(precision)
/home/blu-bridge005/.local/lib/python3.10/site-packages/torch/__init__.py:1617: UserWarning: Please use the new API settings to control TF32 behavior, such as torch.backends.cudnn.conv.fp32_precision = 'tf32' or torch.backends.cuda.matmul.fp32_precision = 'ieee'. Old settings, e.g, torch.backends.cuda.matmul.allow_tf32 = True, torch.backends.cudnn.allow_tf32 = True, allowTF32CuDNN() and allowTF32CuBLAS() will be deprecated after Pytorch 2.9. Please see https://pytorch.org/docs/main/notes/cuda.html#tensorfloat-32-tf32-on-ampere-and-later-devices (Triggered internally at /pytorch/aten/src/ATen/Context.cpp:80.)
  _C._set_float32_matmul_precision(precision)

=== Applying Tensor Parallelism (TP=2) ===
  Sharding: Embeddings, Attention, and MLP
Total parameters per GPU: 44,350,848
=== TP Applied Successfully (Unified DTensor) ===

num decayed parameter tensors: 21, with 44,335,104 parameters
num non-decayed parameter tensors: 32, with 15,744 parameters
using fused AdamW: False
[rank0]: Traceback (most recent call last):
[rank0]:   File "/home/blu-bridge005/Desktop/Anuj@BluBridge/TensorParallel/attn/train_gpt2_tp.py", line 402, in <module>
[rank0]:     logits, loss = model(x, y)
[rank0]:   File "/home/blu-bridge005/.local/lib/python3.10/site-packages/torch/nn/modules/module.py", line 1775, in _wrapped_call_impl
[rank0]:     return self._call_impl(*args, **kwargs)
[rank0]:   File "/home/blu-bridge005/.local/lib/python3.10/site-packages/torch/nn/modules/module.py", line 1786, in _call_impl
[rank0]:     return forward_call(*args, **kwargs)
[rank0]:   File "/home/blu-bridge005/Desktop/Anuj@BluBridge/TensorParallel/attn/train_gpt2_tp.py", line 134, in forward
[rank0]:     x = tok_emb + pos_emb
[rank0]:   File "/home/blu-bridge005/.local/lib/python3.10/site-packages/torch/distributed/_functional_collectives.py", line 658, in __torch_dispatch__
[rank0]:     out = func(*unwrapped_args, **unwrapped_kwargs)
[rank0]:   File "/home/blu-bridge005/.local/lib/python3.10/site-packages/torch/_ops.py", line 841, in __call__
[rank0]:     return self._op(*args, **kwargs)
[rank0]: RuntimeError: The size of tensor a (2048) must match the size of tensor b (1024) at non-singleton dimension 1
[rank1]: Traceback (most recent call last):
[rank1]:   File "/home/blu-bridge005/Desktop/Anuj@BluBridge/TensorParallel/attn/train_gpt2_tp.py", line 402, in <module>
[rank1]:     logits, loss = model(x, y)
[rank1]:   File "/home/blu-bridge005/.local/lib/python3.10/site-packages/torch/nn/modules/module.py", line 1775, in _wrapped_call_impl
[rank1]:     return self._call_impl(*args, **kwargs)
[rank1]:   File "/home/blu-bridge005/.local/lib/python3.10/site-packages/torch/nn/modules/module.py", line 1786, in _call_impl
[rank1]:     return forward_call(*args, **kwargs)
[rank1]:   File "/home/blu-bridge005/Desktop/Anuj@BluBridge/TensorParallel/attn/train_gpt2_tp.py", line 134, in forward
[rank1]:     x = tok_emb + pos_emb
[rank1]:   File "/home/blu-bridge005/.local/lib/python3.10/site-packages/torch/distributed/_functional_collectives.py", line 658, in __torch_dispatch__
[rank1]:     out = func(*unwrapped_args, **unwrapped_kwargs)
[rank1]:   File "/home/blu-bridge005/.local/lib/python3.10/site-packages/torch/_ops.py", line 841, in __call__
[rank1]:     return self._op(*args, **kwargs)
[rank1]: RuntimeError: The size of tensor a (2048) must match the size of tensor b (1024) at non-singleton dimension 1
[rank0]:[W304 09:55:07.483312295 ProcessGroupNCCL.cpp:1524] Warning: WARNING: destroy_process_group() was not called before program exit, which can leak resources. For more info, please see https://pytorch.org/docs/stable/distributed.html#shutdown (function operator())
E0304 09:55:08.022000 861911 torch/distributed/elastic/multiprocessing/api.py:882] failed (exitcode: 1) local_rank: 0 (pid: 862078) of binary: /usr/bin/python3
Traceback (most recent call last):
  File "/home/blu-bridge005/.local/bin/torchrun", line 7, in <module>
    sys.exit(main())
  File "/home/blu-bridge005/.local/lib/python3.10/site-packages/torch/distributed/elastic/multiprocessing/errors/__init__.py", line 357, in wrapper
    return f(*args, **kwargs)
  File "/home/blu-bridge005/.local/lib/python3.10/site-packages/torch/distributed/run.py", line 936, in main
    run(args)
  File "/home/blu-bridge005/.local/lib/python3.10/site-packages/torch/distributed/run.py", line 927, in run
    elastic_launch(
  File "/home/blu-bridge005/.local/lib/python3.10/site-packages/torch/distributed/launcher/api.py", line 156, in __call__
    return launch_agent(self._config, self._entrypoint, list(args))
  File "/home/blu-bridge005/.local/lib/python3.10/site-packages/torch/distributed/launcher/api.py", line 293, in launch_agent
    raise ChildFailedError(
torch.distributed.elastic.multiprocessing.errors.ChildFailedError: 
============================================================
train_gpt2_tp.py FAILED
------------------------------------------------------------
Failures:
[1]:
  time      : 2026-03-04_09:55:08
  host      : blubridge005-MS-7E06
  rank      : 1 (local_rank: 1)
  exitcode  : 1 (pid: 862079)
  error_file: <N/A>
  traceback : To enable traceback see: https://pytorch.org/docs/stable/elastic/errors.html
------------------------------------------------------------
Root Cause (first observed failure):
[0]:
  time      : 2026-03-04_09:55:08
  host      : blubridge005-MS-7E06
  rank      : 0 (local_rank: 0)
  exitcode  : 1 (pid: 862078)
  error_file: <N/A>
  traceback : To enable traceback see: https://pytorch.org/docs/stable/elastic/errors.html
============================================================
