W0304 09:59:04.786000 869534 torch/distributed/run.py:803] 
W0304 09:59:04.786000 869534 torch/distributed/run.py:803] *****************************************
W0304 09:59:04.786000 869534 torch/distributed/run.py:803] Setting OMP_NUM_THREADS environment variable for each process to be 1 in default, to avoid your system being overloaded, please further tune the variable for optimal performance in your application as needed. 
W0304 09:59:04.786000 869534 torch/distributed/run.py:803] *****************************************
[W304 09:59:08.341255445 socket.cpp:767] [c10d] The client socket has failed to connect to [blubridge005-MS-7E06]:41081 (errno: 113 - No route to host).
[W304 09:59:12.181186811 socket.cpp:767] [c10d] The client socket has failed to connect to [blubridge005-MS-7E06]:41081 (errno: 113 - No route to host).
[W304 09:59:12.181249924 socket.cpp:767] [c10d] The client socket has failed to connect to [blubridge005-MS-7E06]:41081 (errno: 113 - No route to host).
total desired batch size: 65536
=> calculated gradient accumulation steps: 8
found 4 shards for split train
found 1 shards for split val
/home/blu-bridge005/.local/lib/python3.10/site-packages/torch/__init__.py:1617: UserWarning: Please use the new API settings to control TF32 behavior, such as torch.backends.cudnn.conv.fp32_precision = 'tf32' or torch.backends.cuda.matmul.fp32_precision = 'ieee'. Old settings, e.g, torch.backends.cuda.matmul.allow_tf32 = True, torch.backends.cudnn.allow_tf32 = True, allowTF32CuDNN() and allowTF32CuBLAS() will be deprecated after Pytorch 2.9. Please see https://pytorch.org/docs/main/notes/cuda.html#tensorfloat-32-tf32-on-ampere-and-later-devices (Triggered internally at /pytorch/aten/src/ATen/Context.cpp:80.)
  _C._set_float32_matmul_precision(precision)
/home/blu-bridge005/.local/lib/python3.10/site-packages/torch/__init__.py:1617: UserWarning: Please use the new API settings to control TF32 behavior, such as torch.backends.cudnn.conv.fp32_precision = 'tf32' or torch.backends.cuda.matmul.fp32_precision = 'ieee'. Old settings, e.g, torch.backends.cuda.matmul.allow_tf32 = True, torch.backends.cudnn.allow_tf32 = True, allowTF32CuDNN() and allowTF32CuBLAS() will be deprecated after Pytorch 2.9. Please see https://pytorch.org/docs/main/notes/cuda.html#tensorfloat-32-tf32-on-ampere-and-later-devices (Triggered internally at /pytorch/aten/src/ATen/Context.cpp:80.)
  _C._set_float32_matmul_precision(precision)

=== Applying Tensor Parallelism (TP=2) ===
  Sharding: Embeddings, Attention, and MLP
Total parameters per GPU: 44,350,848
=== TP Applied Successfully (Unified DTensor) ===

num decayed parameter tensors: 21, with 44,335,104 parameters
num non-decayed parameter tensors: 32, with 15,744 parameters
using fused AdamW: False
validation loss: 10.9024
step     0 | wte_drift: 1.762e-01 | loss: 10.902521 | lr 1.1834e-06 | norm: 3.6728
step     0 | loss: 10.902521 | lr 1.1834e-06 | norm: 3.6728 | dt: 6710.68ms | tok/sec: 9765.93
step     1 | loss: 10.900478 | lr 2.3669e-06 | norm: 3.7963 | dt: 4465.34ms | tok/sec: 14676.58
step     2 | loss: 10.881957 | lr 3.5503e-06 | norm: 3.9913 | dt: 4461.16ms | tok/sec: 14690.34
W0304 09:59:30.190000 869534 torch/distributed/elastic/agent/server/api.py:725] Received Signals.SIGINT death signal, shutting down workers
W0304 09:59:30.191000 869534 torch/distributed/elastic/multiprocessing/api.py:908] Sending process 869703 closing signal SIGINT
W0304 09:59:30.191000 869534 torch/distributed/elastic/multiprocessing/api.py:908] Sending process 869704 closing signal SIGINT
[rank0]: Traceback (most recent call last):
[rank0]:   File "/home/blu-bridge005/Desktop/Anuj@BluBridge/TensorParallel/attn/train_gpt2_tp.py", line 455, in <module>
[rank0]:     x, y = x.to(device), y.to(device)
[rank0]: KeyboardInterrupt
[rank1]: Traceback (most recent call last):
[rank1]:   File "/home/blu-bridge005/Desktop/Anuj@BluBridge/TensorParallel/attn/train_gpt2_tp.py", line 455, in <module>
[rank1]:     x, y = x.to(device), y.to(device)
[rank1]: KeyboardInterrupt
[rank0]:[W304 09:59:30.615934644 ProcessGroupNCCL.cpp:1524] Warning: WARNING: destroy_process_group() was not called before program exit, which can leak resources. For more info, please see https://pytorch.org/docs/stable/distributed.html#shutdown (function operator())
Traceback (most recent call last):
  File "/home/blu-bridge005/.local/bin/torchrun", line 7, in <module>
    sys.exit(main())
  File "/home/blu-bridge005/.local/lib/python3.10/site-packages/torch/distributed/elastic/multiprocessing/errors/__init__.py", line 357, in wrapper
    return f(*args, **kwargs)
  File "/home/blu-bridge005/.local/lib/python3.10/site-packages/torch/distributed/run.py", line 936, in main
    run(args)
  File "/home/blu-bridge005/.local/lib/python3.10/site-packages/torch/distributed/run.py", line 927, in run
    elastic_launch(
  File "/home/blu-bridge005/.local/lib/python3.10/site-packages/torch/distributed/launcher/api.py", line 156, in __call__
    return launch_agent(self._config, self._entrypoint, list(args))
  File "/home/blu-bridge005/.local/lib/python3.10/site-packages/torch/distributed/launcher/api.py", line 284, in launch_agent
    result = agent.run()
  File "/home/blu-bridge005/.local/lib/python3.10/site-packages/torch/distributed/elastic/metrics/api.py", line 138, in wrapper
    result = f(*args, **kwargs)
  File "/home/blu-bridge005/.local/lib/python3.10/site-packages/torch/distributed/elastic/agent/server/api.py", line 717, in run
    result = self._invoke_run(role)
  File "/home/blu-bridge005/.local/lib/python3.10/site-packages/torch/distributed/elastic/agent/server/api.py", line 881, in _invoke_run
    time.sleep(monitor_interval)
  File "/home/blu-bridge005/.local/lib/python3.10/site-packages/torch/distributed/elastic/multiprocessing/api.py", line 85, in _terminate_process_handler
    raise SignalException(f"Process {os.getpid()} got signal: {sigval}", sigval=sigval)
torch.distributed.elastic.multiprocessing.api.SignalException: Process 869534 got signal: 2
