W0304 09:57:44.930000 867014 torch/distributed/run.py:803] 
W0304 09:57:44.930000 867014 torch/distributed/run.py:803] *****************************************
W0304 09:57:44.930000 867014 torch/distributed/run.py:803] Setting OMP_NUM_THREADS environment variable for each process to be 1 in default, to avoid your system being overloaded, please further tune the variable for optimal performance in your application as needed. 
W0304 09:57:44.930000 867014 torch/distributed/run.py:803] *****************************************
[W304 09:57:48.597271758 socket.cpp:767] [c10d] The client socket has failed to connect to [blubridge005-MS-7E06]:35267 (errno: 113 - No route to host).
[W304 09:57:52.502243023 socket.cpp:767] [c10d] The client socket has failed to connect to [blubridge005-MS-7E06]:35267 (errno: 113 - No route to host).
[W304 09:57:52.502264084 socket.cpp:767] [c10d] The client socket has failed to connect to [blubridge005-MS-7E06]:35267 (errno: 113 - No route to host).
total desired batch size: 65536
=> calculated gradient accumulation steps: 8
found 4 shards for split train
found 1 shards for split val
/home/blu-bridge005/.local/lib/python3.10/site-packages/torch/__init__.py:1617: UserWarning: Please use the new API settings to control TF32 behavior, such as torch.backends.cudnn.conv.fp32_precision = 'tf32' or torch.backends.cuda.matmul.fp32_precision = 'ieee'. Old settings, e.g, torch.backends.cuda.matmul.allow_tf32 = True, torch.backends.cudnn.allow_tf32 = True, allowTF32CuDNN() and allowTF32CuBLAS() will be deprecated after Pytorch 2.9. Please see https://pytorch.org/docs/main/notes/cuda.html#tensorfloat-32-tf32-on-ampere-and-later-devices (Triggered internally at /pytorch/aten/src/ATen/Context.cpp:80.)
  _C._set_float32_matmul_precision(precision)
/home/blu-bridge005/.local/lib/python3.10/site-packages/torch/__init__.py:1617: UserWarning: Please use the new API settings to control TF32 behavior, such as torch.backends.cudnn.conv.fp32_precision = 'tf32' or torch.backends.cuda.matmul.fp32_precision = 'ieee'. Old settings, e.g, torch.backends.cuda.matmul.allow_tf32 = True, torch.backends.cudnn.allow_tf32 = True, allowTF32CuDNN() and allowTF32CuBLAS() will be deprecated after Pytorch 2.9. Please see https://pytorch.org/docs/main/notes/cuda.html#tensorfloat-32-tf32-on-ampere-and-later-devices (Triggered internally at /pytorch/aten/src/ATen/Context.cpp:80.)
  _C._set_float32_matmul_precision(precision)

=== Applying Tensor Parallelism (TP=2) ===
  Sharding: Embeddings, Attention, and MLP
Total parameters per GPU: 44,350,848
=== TP Applied Successfully (Unified DTensor) ===

num decayed parameter tensors: 21, with 44,335,104 parameters
num non-decayed parameter tensors: 32, with 15,744 parameters
using fused AdamW: False
validation loss: 10.9024
[rank0]: Traceback (most recent call last):
[rank0]:   File "/home/blu-bridge005/Desktop/Anuj@BluBridge/TensorParallel/attn/train_gpt2_tp.py", line 498, in <module>
[rank0]:     dist.all_reduce(wte_other, op=dist.ReduceOp.SUM, group=tp_mesh.get_group())
[rank0]:   File "/home/blu-bridge005/.local/lib/python3.10/site-packages/torch/distributed/c10d_logger.py", line 81, in wrapper
[rank0]:     return func(*args, **kwargs)
[rank0]:   File "/home/blu-bridge005/.local/lib/python3.10/site-packages/torch/distributed/distributed_c10d.py", line 2935, in all_reduce
[rank0]:     work = group.allreduce([tensor], opts)
[rank0]:   File "/home/blu-bridge005/.local/lib/python3.10/site-packages/torch/_compile.py", line 53, in inner
[rank0]:     return disable_fn(*args, **kwargs)
[rank0]:   File "/home/blu-bridge005/.local/lib/python3.10/site-packages/torch/_dynamo/eval_frame.py", line 1044, in _fn
[rank0]:     return fn(*args, **kwargs)
[rank0]:   File "/home/blu-bridge005/.local/lib/python3.10/site-packages/torch/distributed/tensor/_api.py", line 349, in __torch_dispatch__
[rank0]:     return DTensor._op_dispatcher.dispatch(
[rank0]:   File "/home/blu-bridge005/.local/lib/python3.10/site-packages/torch/distributed/tensor/_dispatch.py", line 152, in dispatch
[rank0]:     op_info = self.unwrap_to_op_info(op_call, args, kwargs)
[rank0]:   File "/home/blu-bridge005/.local/lib/python3.10/site-packages/torch/distributed/tensor/_dispatch.py", line 432, in unwrap_to_op_info
[rank0]:     assert compute_mesh is not None, (
[rank0]: AssertionError: found no DeviceMesh from dtensor args for c10d.allreduce_.default!
[rank1]: Traceback (most recent call last):
[rank1]:   File "/home/blu-bridge005/Desktop/Anuj@BluBridge/TensorParallel/attn/train_gpt2_tp.py", line 498, in <module>
[rank1]:     dist.all_reduce(wte_other, op=dist.ReduceOp.SUM, group=tp_mesh.get_group())
[rank1]:   File "/home/blu-bridge005/.local/lib/python3.10/site-packages/torch/distributed/c10d_logger.py", line 81, in wrapper
[rank1]:     return func(*args, **kwargs)
[rank1]:   File "/home/blu-bridge005/.local/lib/python3.10/site-packages/torch/distributed/distributed_c10d.py", line 2935, in all_reduce
[rank1]:     work = group.allreduce([tensor], opts)
[rank1]:   File "/home/blu-bridge005/.local/lib/python3.10/site-packages/torch/_compile.py", line 53, in inner
[rank1]:     return disable_fn(*args, **kwargs)
[rank1]:   File "/home/blu-bridge005/.local/lib/python3.10/site-packages/torch/_dynamo/eval_frame.py", line 1044, in _fn
[rank1]:     return fn(*args, **kwargs)
[rank1]:   File "/home/blu-bridge005/.local/lib/python3.10/site-packages/torch/distributed/tensor/_api.py", line 349, in __torch_dispatch__
[rank1]:     return DTensor._op_dispatcher.dispatch(
[rank1]:   File "/home/blu-bridge005/.local/lib/python3.10/site-packages/torch/distributed/tensor/_dispatch.py", line 152, in dispatch
[rank1]:     op_info = self.unwrap_to_op_info(op_call, args, kwargs)
[rank1]:   File "/home/blu-bridge005/.local/lib/python3.10/site-packages/torch/distributed/tensor/_dispatch.py", line 432, in unwrap_to_op_info
[rank1]:     assert compute_mesh is not None, (
[rank1]: AssertionError: found no DeviceMesh from dtensor args for c10d.allreduce_.default!
[rank0]:[W304 09:58:00.897747136 ProcessGroupNCCL.cpp:1524] Warning: WARNING: destroy_process_group() was not called before program exit, which can leak resources. For more info, please see https://pytorch.org/docs/stable/distributed.html#shutdown (function operator())
E0304 09:58:01.757000 867014 torch/distributed/elastic/multiprocessing/api.py:882] failed (exitcode: 1) local_rank: 0 (pid: 867179) of binary: /usr/bin/python3
Traceback (most recent call last):
  File "/home/blu-bridge005/.local/bin/torchrun", line 7, in <module>
    sys.exit(main())
  File "/home/blu-bridge005/.local/lib/python3.10/site-packages/torch/distributed/elastic/multiprocessing/errors/__init__.py", line 357, in wrapper
    return f(*args, **kwargs)
  File "/home/blu-bridge005/.local/lib/python3.10/site-packages/torch/distributed/run.py", line 936, in main
    run(args)
  File "/home/blu-bridge005/.local/lib/python3.10/site-packages/torch/distributed/run.py", line 927, in run
    elastic_launch(
  File "/home/blu-bridge005/.local/lib/python3.10/site-packages/torch/distributed/launcher/api.py", line 156, in __call__
    return launch_agent(self._config, self._entrypoint, list(args))
  File "/home/blu-bridge005/.local/lib/python3.10/site-packages/torch/distributed/launcher/api.py", line 293, in launch_agent
    raise ChildFailedError(
torch.distributed.elastic.multiprocessing.errors.ChildFailedError: 
============================================================
train_gpt2_tp.py FAILED
------------------------------------------------------------
Failures:
[1]:
  time      : 2026-03-04_09:58:01
  host      : blubridge005-MS-7E06
  rank      : 1 (local_rank: 1)
  exitcode  : 1 (pid: 867180)
  error_file: <N/A>
  traceback : To enable traceback see: https://pytorch.org/docs/stable/elastic/errors.html
------------------------------------------------------------
Root Cause (first observed failure):
[0]:
  time      : 2026-03-04_09:58:01
  host      : blubridge005-MS-7E06
  rank      : 0 (local_rank: 0)
  exitcode  : 1 (pid: 867179)
  error_file: <N/A>
  traceback : To enable traceback see: https://pytorch.org/docs/stable/elastic/errors.html
============================================================
