W0304 09:46:19.793000 845303 torch/distributed/run.py:803] 
W0304 09:46:19.793000 845303 torch/distributed/run.py:803] *****************************************
W0304 09:46:19.793000 845303 torch/distributed/run.py:803] Setting OMP_NUM_THREADS environment variable for each process to be 1 in default, to avoid your system being overloaded, please further tune the variable for optimal performance in your application as needed. 
W0304 09:46:19.793000 845303 torch/distributed/run.py:803] *****************************************
[W304 09:46:23.477236480 socket.cpp:767] [c10d] The client socket has failed to connect to [blubridge005-MS-7E06]:39365 (errno: 113 - No route to host).
[W304 09:46:27.445247632 socket.cpp:767] [c10d] The client socket has failed to connect to [blubridge005-MS-7E06]:39365 (errno: 113 - No route to host).
[W304 09:46:27.445256772 socket.cpp:767] [c10d] The client socket has failed to connect to [blubridge005-MS-7E06]:39365 (errno: 113 - No route to host).
total desired batch size: 65536
=> calculated gradient accumulation steps: 8
found 4 shards for split train
found 1 shards for split val
/home/blu-bridge005/.local/lib/python3.10/site-packages/torch/__init__.py:1617: UserWarning: Please use the new API settings to control TF32 behavior, such as torch.backends.cudnn.conv.fp32_precision = 'tf32' or torch.backends.cuda.matmul.fp32_precision = 'ieee'. Old settings, e.g, torch.backends.cuda.matmul.allow_tf32 = True, torch.backends.cudnn.allow_tf32 = True, allowTF32CuDNN() and allowTF32CuBLAS() will be deprecated after Pytorch 2.9. Please see https://pytorch.org/docs/main/notes/cuda.html#tensorfloat-32-tf32-on-ampere-and-later-devices (Triggered internally at /pytorch/aten/src/ATen/Context.cpp:80.)
  _C._set_float32_matmul_precision(precision)
/home/blu-bridge005/.local/lib/python3.10/site-packages/torch/__init__.py:1617: UserWarning: Please use the new API settings to control TF32 behavior, such as torch.backends.cudnn.conv.fp32_precision = 'tf32' or torch.backends.cuda.matmul.fp32_precision = 'ieee'. Old settings, e.g, torch.backends.cuda.matmul.allow_tf32 = True, torch.backends.cudnn.allow_tf32 = True, allowTF32CuDNN() and allowTF32CuBLAS() will be deprecated after Pytorch 2.9. Please see https://pytorch.org/docs/main/notes/cuda.html#tensorfloat-32-tf32-on-ampere-and-later-devices (Triggered internally at /pytorch/aten/src/ATen/Context.cpp:80.)
  _C._set_float32_matmul_precision(precision)

=== Applying Tensor Parallelism (TP=2) ===
  Sharding: Embeddings, Attention, and MLP
Total parameters per GPU: 34,692,480
=== TP Applied Successfully (Unified DTensor) ===

num decayed parameter tensors: 21, with 34,676,736 parameters
num non-decayed parameter tensors: 32, with 15,744 parameters
using fused AdamW: False
[rank1]: Traceback (most recent call last):
[rank1]:   File "/home/blu-bridge005/Desktop/Anuj@BluBridge/TensorParallel/attn/train_gpt2_tp.py", line 425, in <module>
[rank1]:     logits, loss = model(x, y)
[rank1]:   File "/home/blu-bridge005/.local/lib/python3.10/site-packages/torch/nn/modules/module.py", line 1775, in _wrapped_call_impl
[rank1]:     return self._call_impl(*args, **kwargs)
[rank1]:   File "/home/blu-bridge005/.local/lib/python3.10/site-packages/torch/nn/modules/module.py", line 1786, in _call_impl
[rank1]:     return forward_call(*args, **kwargs)
[rank1]:   File "/home/blu-bridge005/Desktop/Anuj@BluBridge/TensorParallel/attn/train_gpt2_tp.py", line 160, in forward
[rank1]:     x = block(x)
[rank1]:   File "/home/blu-bridge005/.local/lib/python3.10/site-packages/torch/nn/modules/module.py", line 1775, in _wrapped_call_impl
[rank1]:     return self._call_impl(*args, **kwargs)
[rank1]:   File "/home/blu-bridge005/.local/lib/python3.10/site-packages/torch/nn/modules/module.py", line 1786, in _call_impl
[rank1]:     return forward_call(*args, **kwargs)
[rank1]:   File "/home/blu-bridge005/Desktop/Anuj@BluBridge/TensorParallel/attn/train_gpt2_tp.py", line 107, in forward
[rank1]:     x = x + self.attn(self.ln_1(x))
[rank1]:   File "/home/blu-bridge005/.local/lib/python3.10/site-packages/torch/nn/modules/module.py", line 1775, in _wrapped_call_impl
[rank1]:     return self._call_impl(*args, **kwargs)
[rank1]:   File "/home/blu-bridge005/.local/lib/python3.10/site-packages/torch/nn/modules/module.py", line 1786, in _call_impl
[rank1]:     return forward_call(*args, **kwargs)
[rank1]:   File "/home/blu-bridge005/.local/lib/python3.10/site-packages/torch/nn/modules/normalization.py", line 229, in forward
[rank1]:     return F.layer_norm(
[rank1]:   File "/home/blu-bridge005/.local/lib/python3.10/site-packages/torch/nn/functional.py", line 2901, in layer_norm
[rank1]:     return torch.layer_norm(
[rank1]:   File "/home/blu-bridge005/.local/lib/python3.10/site-packages/torch/_compile.py", line 53, in inner
[rank1]:     return disable_fn(*args, **kwargs)
[rank1]:   File "/home/blu-bridge005/.local/lib/python3.10/site-packages/torch/_dynamo/eval_frame.py", line 1044, in _fn
[rank1]:     return fn(*args, **kwargs)
[rank1]:   File "/home/blu-bridge005/.local/lib/python3.10/site-packages/torch/distributed/tensor/_api.py", line 349, in __torch_dispatch__
[rank1]:     return DTensor._op_dispatcher.dispatch(
[rank1]:   File "/home/blu-bridge005/.local/lib/python3.10/site-packages/torch/distributed/tensor/_dispatch.py", line 152, in dispatch
[rank1]:     op_info = self.unwrap_to_op_info(op_call, args, kwargs)
[rank1]:   File "/home/blu-bridge005/.local/lib/python3.10/site-packages/torch/distributed/tensor/_dispatch.py", line 405, in unwrap_to_op_info
[rank1]:     self._try_replicate_spec_for_scalar_tensor(
[rank1]:   File "/home/blu-bridge005/.local/lib/python3.10/site-packages/torch/distributed/tensor/_dispatch.py", line 507, in _try_replicate_spec_for_scalar_tensor
[rank1]:     raise RuntimeError(
[rank1]: RuntimeError: aten.native_layer_norm.default: got mixed torch.Tensor and DTensor, need to convert all torch.Tensor to DTensor before calling distributed operators!
[rank0]: Traceback (most recent call last):
[rank0]:   File "/home/blu-bridge005/Desktop/Anuj@BluBridge/TensorParallel/attn/train_gpt2_tp.py", line 425, in <module>
[rank0]:     logits, loss = model(x, y)
[rank0]:   File "/home/blu-bridge005/.local/lib/python3.10/site-packages/torch/nn/modules/module.py", line 1775, in _wrapped_call_impl
[rank0]:     return self._call_impl(*args, **kwargs)
[rank0]:   File "/home/blu-bridge005/.local/lib/python3.10/site-packages/torch/nn/modules/module.py", line 1786, in _call_impl
[rank0]:     return forward_call(*args, **kwargs)
[rank0]:   File "/home/blu-bridge005/Desktop/Anuj@BluBridge/TensorParallel/attn/train_gpt2_tp.py", line 160, in forward
[rank0]:     x = block(x)
[rank0]:   File "/home/blu-bridge005/.local/lib/python3.10/site-packages/torch/nn/modules/module.py", line 1775, in _wrapped_call_impl
[rank0]:     return self._call_impl(*args, **kwargs)
[rank0]:   File "/home/blu-bridge005/.local/lib/python3.10/site-packages/torch/nn/modules/module.py", line 1786, in _call_impl
[rank0]:     return forward_call(*args, **kwargs)
[rank0]:   File "/home/blu-bridge005/Desktop/Anuj@BluBridge/TensorParallel/attn/train_gpt2_tp.py", line 107, in forward
[rank0]:     x = x + self.attn(self.ln_1(x))
[rank0]:   File "/home/blu-bridge005/.local/lib/python3.10/site-packages/torch/nn/modules/module.py", line 1775, in _wrapped_call_impl
[rank0]:     return self._call_impl(*args, **kwargs)
[rank0]:   File "/home/blu-bridge005/.local/lib/python3.10/site-packages/torch/nn/modules/module.py", line 1786, in _call_impl
[rank0]:     return forward_call(*args, **kwargs)
[rank0]:   File "/home/blu-bridge005/.local/lib/python3.10/site-packages/torch/nn/modules/normalization.py", line 229, in forward
[rank0]:     return F.layer_norm(
[rank0]:   File "/home/blu-bridge005/.local/lib/python3.10/site-packages/torch/nn/functional.py", line 2901, in layer_norm
[rank0]:     return torch.layer_norm(
[rank0]:   File "/home/blu-bridge005/.local/lib/python3.10/site-packages/torch/_compile.py", line 53, in inner
[rank0]:     return disable_fn(*args, **kwargs)
[rank0]:   File "/home/blu-bridge005/.local/lib/python3.10/site-packages/torch/_dynamo/eval_frame.py", line 1044, in _fn
[rank0]:     return fn(*args, **kwargs)
[rank0]:   File "/home/blu-bridge005/.local/lib/python3.10/site-packages/torch/distributed/tensor/_api.py", line 349, in __torch_dispatch__
[rank0]:     return DTensor._op_dispatcher.dispatch(
[rank0]:   File "/home/blu-bridge005/.local/lib/python3.10/site-packages/torch/distributed/tensor/_dispatch.py", line 152, in dispatch
[rank0]:     op_info = self.unwrap_to_op_info(op_call, args, kwargs)
[rank0]:   File "/home/blu-bridge005/.local/lib/python3.10/site-packages/torch/distributed/tensor/_dispatch.py", line 405, in unwrap_to_op_info
[rank0]:     self._try_replicate_spec_for_scalar_tensor(
[rank0]:   File "/home/blu-bridge005/.local/lib/python3.10/site-packages/torch/distributed/tensor/_dispatch.py", line 507, in _try_replicate_spec_for_scalar_tensor
[rank0]:     raise RuntimeError(
[rank0]: RuntimeError: aten.native_layer_norm.default: got mixed torch.Tensor and DTensor, need to convert all torch.Tensor to DTensor before calling distributed operators!
[rank0]:[W304 09:46:29.876253351 ProcessGroupNCCL.cpp:1524] Warning: WARNING: destroy_process_group() was not called before program exit, which can leak resources. For more info, please see https://pytorch.org/docs/stable/distributed.html#shutdown (function operator())
W0304 09:46:30.525000 845303 torch/distributed/elastic/multiprocessing/api.py:908] Sending process 845472 closing signal SIGTERM
E0304 09:46:30.533000 845303 torch/distributed/elastic/multiprocessing/api.py:882] failed (exitcode: 1) local_rank: 0 (pid: 845471) of binary: /usr/bin/python3
Traceback (most recent call last):
  File "/home/blu-bridge005/.local/bin/torchrun", line 7, in <module>
    sys.exit(main())
  File "/home/blu-bridge005/.local/lib/python3.10/site-packages/torch/distributed/elastic/multiprocessing/errors/__init__.py", line 357, in wrapper
    return f(*args, **kwargs)
  File "/home/blu-bridge005/.local/lib/python3.10/site-packages/torch/distributed/run.py", line 936, in main
    run(args)
  File "/home/blu-bridge005/.local/lib/python3.10/site-packages/torch/distributed/run.py", line 927, in run
    elastic_launch(
  File "/home/blu-bridge005/.local/lib/python3.10/site-packages/torch/distributed/launcher/api.py", line 156, in __call__
    return launch_agent(self._config, self._entrypoint, list(args))
  File "/home/blu-bridge005/.local/lib/python3.10/site-packages/torch/distributed/launcher/api.py", line 293, in launch_agent
    raise ChildFailedError(
torch.distributed.elastic.multiprocessing.errors.ChildFailedError: 
============================================================
train_gpt2_tp.py FAILED
------------------------------------------------------------
Failures:
  <NO_OTHER_FAILURES>
------------------------------------------------------------
Root Cause (first observed failure):
[0]:
  time      : 2026-03-04_09:46:30
  host      : blubridge005-MS-7E06
  rank      : 0 (local_rank: 0)
  exitcode  : 1 (pid: 845471)
  error_file: <N/A>
  traceback : To enable traceback see: https://pytorch.org/docs/stable/elastic/errors.html
============================================================
