usage: tp_mlp_fwbw_matmul.py
       [-h]
       [--batch BATCH]
       [--hidden HIDDEN]
       [--ffn FFN]
       [--seed SEED]
       [--check_ref CHECK_REF]
tp_mlp_fwbw_matmul.py: error: unrecognized arguments: --steps 3 --lr 1e-3 --wd 1e-2 --beta1 0.9 --beta2 0.999 --eps 1e-8
usage: tp_mlp_fwbw_matmul.py
       [-h]
       [--batch BATCH]
       [--hidden HIDDEN]
       [--ffn FFN]
       [--seed SEED]
       [--check_ref CHECK_REF]
tp_mlp_fwbw_matmul.py: error: unrecognized arguments: --steps 3 --lr 1e-3 --wd 1e-2 --beta1 0.9 --beta2 0.999 --eps 1e-8
*** The MPI_Barrier() function was called before MPI_INIT was invoked.
*** This is disallowed by the MPI standard.
*** Your MPI job will now abort.
*** The MPI_Barrier() function was called before MPI_INIT was invoked.
*** This is disallowed by the MPI standard.
*** Your MPI job will now abort.
[blubridge25-MS-7E06:724373] Local abort before MPI_INIT completed completed successfully, but am not able to aggregate error messages, and not able to guarantee that all other processes were killed!
[blubridge25-MS-7E06:724372] Local abort before MPI_INIT completed completed successfully, but am not able to aggregate error messages, and not able to guarantee that all other processes were killed!
--------------------------------------------------------------------------
Primary job  terminated normally, but 1 process returned
a non-zero exit code. Per user-direction, the job has been aborted.
--------------------------------------------------------------------------
--------------------------------------------------------------------------
mpirun detected that one or more processes exited with non-zero status, thus causing
the job to be terminated. The first process to do so was:

  Process name: [[37624,1],0]
  Exit code:    1
--------------------------------------------------------------------------
