[Work::event_record] cudaEventCreate FAILED: an illegal memory access was encountered
terminate called after throwing an instance of 'std::runtime_error'
  what():  Failed to record CUDA event
[blubridge25-MS-7E06:43385] *** Process received signal ***
[blubridge25-MS-7E06:43385] Signal: Aborted (6)
[blubridge25-MS-7E06:43385] Signal code:  (-6)
[blubridge25-MS-7E06:43385] [ 0] /lib/x86_64-linux-gnu/libc.so.6(+0x42520)[0x722992442520]
[blubridge25-MS-7E06:43385] [ 1] /lib/x86_64-linux-gnu/libc.so.6(pthread_kill+0x12c)[0x7229924969fc]
[blubridge25-MS-7E06:43385] [ 2] /lib/x86_64-linux-gnu/libc.so.6(raise+0x16)[0x722992442476]
[blubridge25-MS-7E06:43385] [ 3] /lib/x86_64-linux-gnu/libc.so.6(abort+0xd3)[0x7229924287f3]
[blubridge25-MS-7E06:43385] [ 4] /lib/x86_64-linux-gnu/libstdc++.so.6(+0xa2b9e)[0x7229928a2b9e]
[blubridge25-MS-7E06:43385] [ 5] /lib/x86_64-linux-gnu/libstdc++.so.6(+0xae20c)[0x7229928ae20c]
[blubridge25-MS-7E06:43385] [ 6] /lib/x86_64-linux-gnu/libstdc++.so.6(+0xae277)[0x7229928ae277]
[blubridge25-MS-7E06:43385] [ 7] /lib/x86_64-linux-gnu/libstdc++.so.6(+0xae4d8)[0x7229928ae4d8]
[blubridge25-MS-7E06:43385] [ 8] ./examples/tensor_parallel_mlp(+0x228d6a)[0x567d46d8bd6a]
[blubridge25-MS-7E06:43385] [ 9] ./examples/tensor_parallel_mlp(+0x226c84)[0x567d46d89c84]
[blubridge25-MS-7E06:43385] [10] ./examples/tensor_parallel_mlp(+0x200eb4)[0x567d46d63eb4]
[blubridge25-MS-7E06:43385] [11] ./examples/tensor_parallel_mlp(+0x1eabda)[0x567d46d4dbda]
[blubridge25-MS-7E06:43385] [12] /lib/x86_64-linux-gnu/libc.so.6(+0x29d90)[0x722992429d90]
[blubridge25-MS-7E06:43385] [13] /lib/x86_64-linux-gnu/libc.so.6(__libc_start_main+0x80)[0x722992429e40]
[blubridge25-MS-7E06:43385] [14] ./examples/tensor_parallel_mlp(+0x1e05a5)[0x567d46d435a5]
[blubridge25-MS-7E06:43385] *** End of error message ***
--------------------------------------------------------------------------
prterun noticed that process rank 0 with PID 43385 on node blubridge25-MS-7E06 exited on
signal 6 (Aborted).
--------------------------------------------------------------------------
