Y requires grad: true
terminate called after throwing an instance of 'std::runtime_error'
  what():  In-place operator +=: Cannot promote result type beyond lhs dtype. LHS: int8, RHS: float32
[blubridge25-MS-7E06:37705] *** Process received signal ***
[blubridge25-MS-7E06:37705] Signal: Aborted (6)
[blubridge25-MS-7E06:37705] Signal code:  (-6)
[blubridge25-MS-7E06:37705] [ 0] /lib/x86_64-linux-gnu/libc.so.6(+0x42520)[0x73abf5042520]
[blubridge25-MS-7E06:37705] [ 1] /lib/x86_64-linux-gnu/libc.so.6(pthread_kill+0x12c)[0x73abf50969fc]
[blubridge25-MS-7E06:37705] [ 2] /lib/x86_64-linux-gnu/libc.so.6(raise+0x16)[0x73abf5042476]
[blubridge25-MS-7E06:37705] [ 3] /lib/x86_64-linux-gnu/libc.so.6(abort+0xd3)[0x73abf50287f3]
[blubridge25-MS-7E06:37705] [ 4] /lib/x86_64-linux-gnu/libstdc++.so.6(+0xa2b9e)[0x73abf54a2b9e]
[blubridge25-MS-7E06:37705] [ 5] /lib/x86_64-linux-gnu/libstdc++.so.6(+0xae20c)[0x73abf54ae20c]
[blubridge25-MS-7E06:37705] [ 6] /lib/x86_64-linux-gnu/libstdc++.so.6(+0xae277)[0x73abf54ae277]
[blubridge25-MS-7E06:37705] [ 7] /lib/x86_64-linux-gnu/libstdc++.so.6(+0xae4d8)[0x73abf54ae4d8]
[blubridge25-MS-7E06:37705] [ 8] ./examples/tensor_parallel_mlp(+0x41ba6c)[0x59b2b28d3a6c]
[blubridge25-MS-7E06:37705] [ 9] ./examples/tensor_parallel_mlp(+0x25605a)[0x59b2b270e05a]
[blubridge25-MS-7E06:37705] [10] ./examples/tensor_parallel_mlp(+0x2a90bf)[0x59b2b27610bf]
[blubridge25-MS-7E06:37705] [11] ./examples/tensor_parallel_mlp(+0x24f2e3)[0x59b2b27072e3]
[blubridge25-MS-7E06:37705] [12] ./examples/tensor_parallel_mlp(+0x1eaf02)[0x59b2b26a2f02]
[blubridge25-MS-7E06:37705] [13] /lib/x86_64-linux-gnu/libc.so.6(+0x29d90)[0x73abf5029d90]
[blubridge25-MS-7E06:37705] [14] /lib/x86_64-linux-gnu/libc.so.6(__libc_start_main+0x80)[0x73abf5029e40]
[blubridge25-MS-7E06:37705] [15] ./examples/tensor_parallel_mlp(+0x1e05a5)[0x59b2b26985a5]
[blubridge25-MS-7E06:37705] *** End of error message ***
terminate called after throwing an instance of 'std::runtime_error'
  what():  In-place operator +=: Cannot promote result type beyond lhs dtype. LHS: Unknown, RHS: float32
[blubridge25-MS-7E06:37706] *** Process received signal ***
[blubridge25-MS-7E06:37706] Signal: Aborted (6)
[blubridge25-MS-7E06:37706] Signal code:  (-6)
[blubridge25-MS-7E06:37706] [ 0] /lib/x86_64-linux-gnu/libc.so.6(+0x42520)[0x715c55a42520]
[blubridge25-MS-7E06:37706] [ 1] /lib/x86_64-linux-gnu/libc.so.6(pthread_kill+0x12c)[0x715c55a969fc]
[blubridge25-MS-7E06:37706] [ 2] /lib/x86_64-linux-gnu/libc.so.6(raise+0x16)[0x715c55a42476]
[blubridge25-MS-7E06:37706] [ 3] /lib/x86_64-linux-gnu/libc.so.6(abort+0xd3)[0x715c55a287f3]
[blubridge25-MS-7E06:37706] [ 4] /lib/x86_64-linux-gnu/libstdc++.so.6(+0xa2b9e)[0x715c55ea2b9e]
[blubridge25-MS-7E06:37706] [ 5] /lib/x86_64-linux-gnu/libstdc++.so.6(+0xae20c)[0x715c55eae20c]
[blubridge25-MS-7E06:37706] [ 6] /lib/x86_64-linux-gnu/libstdc++.so.6(+0xae277)[0x715c55eae277]
[blubridge25-MS-7E06:37706] [ 7] /lib/x86_64-linux-gnu/libstdc++.so.6(+0xae4d8)[0x715c55eae4d8]
[blubridge25-MS-7E06:37706] [ 8] ./examples/tensor_parallel_mlp(+0x41ba6c)[0x622a46bada6c]
[blubridge25-MS-7E06:37706] [ 9] ./examples/tensor_parallel_mlp(+0x25605a)[0x622a469e805a]
[blubridge25-MS-7E06:37706] [10] ./examples/tensor_parallel_mlp(+0x2a90bf)[0x622a46a3b0bf]
[blubridge25-MS-7E06:37706] [11] ./examples/tensor_parallel_mlp(+0x24f2e3)[0x622a469e12e3]
[blubridge25-MS-7E06:37706] [12] ./examples/tensor_parallel_mlp(+0x1eaf02)[0x622a4697cf02]
[blubridge25-MS-7E06:37706] [13] /lib/x86_64-linux-gnu/libc.so.6(+0x29d90)[0x715c55a29d90]
[blubridge25-MS-7E06:37706] [14] /lib/x86_64-linux-gnu/libc.so.6(__libc_start_main+0x80)[0x715c55a29e40]
[blubridge25-MS-7E06:37706] [15] ./examples/tensor_parallel_mlp(+0x1e05a5)[0x622a469725a5]
[blubridge25-MS-7E06:37706] *** End of error message ***
--------------------------------------------------------------------------
prterun noticed that process rank 0 with PID 37705 on node blubridge25-MS-7E06 exited on
signal 6 (Aborted).
--------------------------------------------------------------------------
