Y requires grad: true
terminate called after throwing an instance of 'std::runtime_error'
  what():  In-place operator +=: Cannot promote result type beyond lhs dtype. LHS: int8, RHS: float32
[blubridge25-MS-7E06:37911] *** Process received signal ***
[blubridge25-MS-7E06:37911] Signal: Aborted (6)
[blubridge25-MS-7E06:37911] Signal code:  (-6)
[blubridge25-MS-7E06:37911] [ 0] /lib/x86_64-linux-gnu/libc.so.6(+0x42520)[0x75e69c842520]
[blubridge25-MS-7E06:37911] [ 1] /lib/x86_64-linux-gnu/libc.so.6(pthread_kill+0x12c)[0x75e69c8969fc]
[blubridge25-MS-7E06:37911] [ 2] /lib/x86_64-linux-gnu/libc.so.6(raise+0x16)[0x75e69c842476]
[blubridge25-MS-7E06:37911] [ 3] /lib/x86_64-linux-gnu/libc.so.6(abort+0xd3)[0x75e69c8287f3]
[blubridge25-MS-7E06:37911] [ 4] /lib/x86_64-linux-gnu/libstdc++.so.6(+0xa2b9e)[0x75e69cca2b9e]
[blubridge25-MS-7E06:37911] [ 5] /lib/x86_64-linux-gnu/libstdc++.so.6(+0xae20c)[0x75e69ccae20c]
[blubridge25-MS-7E06:37911] [ 6] /lib/x86_64-linux-gnu/libstdc++.so.6(+0xae277)[0x75e69ccae277]
[blubridge25-MS-7E06:37911] [ 7] /lib/x86_64-linux-gnu/libstdc++.so.6(+0xae4d8)[0x75e69ccae4d8]
[blubridge25-MS-7E06:37911] [ 8] ./examples/tensor_parallel_mlp(+0x41bac6)[0x5b85b4ff4ac6]
[blubridge25-MS-7E06:37911] [ 9] ./examples/tensor_parallel_mlp(+0x2560b4)[0x5b85b4e2f0b4]
[blubridge25-MS-7E06:37911] [10] ./examples/tensor_parallel_mlp(+0x2a9119)[0x5b85b4e82119]
[blubridge25-MS-7E06:37911] [11] ./examples/tensor_parallel_mlp(+0x24f33d)[0x5b85b4e2833d]
[blubridge25-MS-7E06:37911] [12] ./examples/tensor_parallel_mlp(+0x1eaf02)[0x5b85b4dc3f02]
[blubridge25-MS-7E06:37911] [13] /lib/x86_64-linux-gnu/libc.so.6(+0x29d90)[0x75e69c829d90]
[blubridge25-MS-7E06:37911] [14] /lib/x86_64-linux-gnu/libc.so.6(__libc_start_main+0x80)[0x75e69c829e40]
[blubridge25-MS-7E06:37911] [15] ./examples/tensor_parallel_mlp(+0x1e05a5)[0x5b85b4db95a5]
[blubridge25-MS-7E06:37911] *** End of error message ***
terminate called after throwing an instance of 'std::runtime_error'
  what():  In-place operator +=: Cannot promote result type beyond lhs dtype. LHS: Unknown, RHS: float32
[blubridge25-MS-7E06:37912] *** Process received signal ***
[blubridge25-MS-7E06:37912] Signal: Aborted (6)
[blubridge25-MS-7E06:37912] Signal code:  (-6)
[blubridge25-MS-7E06:37912] [ 0] /lib/x86_64-linux-gnu/libc.so.6(+0x42520)[0x741c74c42520]
[blubridge25-MS-7E06:37912] [ 1] /lib/x86_64-linux-gnu/libc.so.6(pthread_kill+0x12c)[0x741c74c969fc]
[blubridge25-MS-7E06:37912] [ 2] /lib/x86_64-linux-gnu/libc.so.6(raise+0x16)[0x741c74c42476]
[blubridge25-MS-7E06:37912] [ 3] /lib/x86_64-linux-gnu/libc.so.6(abort+0xd3)[0x741c74c287f3]
[blubridge25-MS-7E06:37912] [ 4] /lib/x86_64-linux-gnu/libstdc++.so.6(+0xa2b9e)[0x741c750a2b9e]
[blubridge25-MS-7E06:37912] [ 5] /lib/x86_64-linux-gnu/libstdc++.so.6(+0xae20c)[0x741c750ae20c]
[blubridge25-MS-7E06:37912] [ 6] /lib/x86_64-linux-gnu/libstdc++.so.6(+0xae277)[0x741c750ae277]
[blubridge25-MS-7E06:37912] [ 7] /lib/x86_64-linux-gnu/libstdc++.so.6(+0xae4d8)[0x741c750ae4d8]
[blubridge25-MS-7E06:37912] [ 8] ./examples/tensor_parallel_mlp(+0x41bac6)[0x58e54affcac6]
[blubridge25-MS-7E06:37912] [ 9] ./examples/tensor_parallel_mlp(+0x2560b4)[0x58e54ae370b4]
[blubridge25-MS-7E06:37912] [10] ./examples/tensor_parallel_mlp(+0x2a9119)[0x58e54ae8a119]
[blubridge25-MS-7E06:37912] [11] ./examples/tensor_parallel_mlp(+0x24f33d)[0x58e54ae3033d]
[blubridge25-MS-7E06:37912] [12] ./examples/tensor_parallel_mlp(+0x1eaf02)[0x58e54adcbf02]
[blubridge25-MS-7E06:37912] [13] /lib/x86_64-linux-gnu/libc.so.6(+0x29d90)[0x741c74c29d90]
[blubridge25-MS-7E06:37912] [14] /lib/x86_64-linux-gnu/libc.so.6(__libc_start_main+0x80)[0x741c74c29e40]
[blubridge25-MS-7E06:37912] [15] ./examples/tensor_parallel_mlp(+0x1e05a5)[0x58e54adc15a5]
[blubridge25-MS-7E06:37912] *** End of error message ***
--------------------------------------------------------------------------
prterun noticed that process rank 0 with PID 37911 on node blubridge25-MS-7E06 exited on
signal 6 (Aborted).
--------------------------------------------------------------------------
