shard_fused_transpose Kernel FAILED: an illegal memory access was encountered
terminate called after throwing an instance of 'std::runtime_error'
  what():  Kernel failed in shard_fused_transpose
[blubridge25-MS-7E06:41008] *** Process received signal ***
[blubridge25-MS-7E06:41008] Signal: Aborted (6)
[blubridge25-MS-7E06:41008] Signal code:  (-6)
[blubridge25-MS-7E06:41008] [ 0] /lib/x86_64-linux-gnu/libc.so.6(+0x42520)[0x733190842520]
[blubridge25-MS-7E06:41008] [ 1] /lib/x86_64-linux-gnu/libc.so.6(pthread_kill+0x12c)[0x7331908969fc]
[blubridge25-MS-7E06:41008] [ 2] /lib/x86_64-linux-gnu/libc.so.6(raise+0x16)[0x733190842476]
[blubridge25-MS-7E06:41008] [ 3] /lib/x86_64-linux-gnu/libc.so.6(abort+0xd3)[0x7331908287f3]
[blubridge25-MS-7E06:41008] [ 4] /lib/x86_64-linux-gnu/libstdc++.so.6(+0xa2b9e)[0x733190ca2b9e]
[blubridge25-MS-7E06:41008] [ 5] /lib/x86_64-linux-gnu/libstdc++.so.6(+0xae20c)[0x733190cae20c]
[blubridge25-MS-7E06:41008] [ 6] /lib/x86_64-linux-gnu/libstdc++.so.6(+0xae277)[0x733190cae277]
[blubridge25-MS-7E06:41008] [ 7] /lib/x86_64-linux-gnu/libstdc++.so.6(+0xae4d8)[0x733190cae4d8]
[blubridge25-MS-7E06:41008] [ 8] ./examples/tensor_parallel_mlp(+0x200ebf)[0x5a081b63debf]
[blubridge25-MS-7E06:41008] [ 9] ./examples/tensor_parallel_mlp(+0x1ea51b)[0x5a081b62751b]
[blubridge25-MS-7E06:41008] [10] /lib/x86_64-linux-gnu/libc.so.6(+0x29d90)[0x733190829d90]
[blubridge25-MS-7E06:41008] [11] /lib/x86_64-linux-gnu/libc.so.6(__libc_start_main+0x80)[0x733190829e40]
[blubridge25-MS-7E06:41008] [12] ./examples/tensor_parallel_mlp(+0x1e05a5)[0x5a081b61d5a5]
[blubridge25-MS-7E06:41008] *** End of error message ***
--------------------------------------------------------------------------
prterun noticed that process rank 0 with PID 41008 on node blubridge25-MS-7E06 exited on
signal 6 (Aborted).
--------------------------------------------------------------------------
